[ 2017-06-12T00:29:55+08:00 ] 127.0.0.1 /admin
INFO: [ app_init ] --START--
INFO: Run Behavior\BuildLiteBehavior [ RunTime:0.000020s ]
INFO: [ app_init ] --END-- [ RunTime:0.000349s ]

[ 2017-06-12T00:29:56+08:00 ] 127.0.0.1 /index.php/Admin/Admin/login
INFO: [ app_init ] --START--
INFO: Run Behavior\BuildLiteBehavior [ RunTime:0.000013s ]
INFO: [ app_init ] --END-- [ RunTime:0.000276s ]

[ 2017-06-12T00:29:57+08:00 ] 127.0.0.1 /index.php/Admin/Admin/vertify
INFO: [ app_init ] --START--
INFO: Run Behavior\BuildLiteBehavior [ RunTime:0.000013s ]
INFO: [ app_init ] --END-- [ RunTime:0.000280s ]

[ 2017-06-12T00:30:06+08:00 ] 127.0.0.1 /index.php?m=Admin&c=Admin&a=vertify&r=53
INFO: [ app_init ] --START--
INFO: Run Behavior\BuildLiteBehavior [ RunTime:0.000019s ]
INFO: [ app_init ] --END-- [ RunTime:0.000393s ]

[ 2017-06-12T00:30:13+08:00 ] 127.0.0.1 /index.php?m=Admin&c=Admin&a=login&t=0.350372646836844
INFO: [ app_init ] --START--
INFO: Run Behavior\BuildLiteBehavior [ RunTime:0.000021s ]
INFO: [ app_init ] --END-- [ RunTime:0.000473s ]
INFO: [ app_begin ] --START--
INFO: Run Behavior\ReadHtmlCacheBehavior [ RunTime:0.000507s ]
INFO: [ app_begin ] --END-- [ RunTime:0.000580s ]
NOTIC: [8] Undefined index: login /Users/yangxiao/Desktop/www/cansg/Application/Admin/Common/function.php 第 38 行.

[ 2017-06-12T00:30:14+08:00 ] 127.0.0.1 /index.php?m=Admin&c=Admin&a=vertify&r=91
INFO: [ app_init ] --START--
INFO: Run Behavior\BuildLiteBehavior [ RunTime:0.000014s ]
INFO: [ app_init ] --END-- [ RunTime:0.000311s ]

[ 2017-06-12T00:30:20+08:00 ] 127.0.0.1 /index.php?m=Admin&c=Admin&a=login&t=0.8536978016924854
INFO: [ app_init ] --START--
INFO: Run Behavior\BuildLiteBehavior [ RunTime:0.000013s ]
INFO: [ app_init ] --END-- [ RunTime:0.000288s ]
INFO: [ app_begin ] --START--
INFO: Run Behavior\ReadHtmlCacheBehavior [ RunTime:0.000446s ]
INFO: [ app_begin ] --END-- [ RunTime:0.000511s ]
NOTIC: [8] Undefined index: login /Users/yangxiao/Desktop/www/cansg/Application/Admin/Common/function.php 第 38 行.

[ 2017-06-12T00:30:21+08:00 ] 127.0.0.1 /index.php?m=Admin&c=Admin&a=vertify&r=49
INFO: [ app_init ] --START--
INFO: Run Behavior\BuildLiteBehavior [ RunTime:0.000039s ]
INFO: [ app_init ] --END-- [ RunTime:0.000426s ]

[ 2017-06-12T00:30:25+08:00 ] 127.0.0.1 /index.php?m=Admin&c=Admin&a=login&t=0.47096181334331155
INFO: [ app_init ] --START--
INFO: Run Behavior\BuildLiteBehavior [ RunTime:0.000013s ]
INFO: [ app_init ] --END-- [ RunTime:0.000288s ]
INFO: [ app_begin ] --START--
INFO: Run Behavior\ReadHtmlCacheBehavior [ RunTime:0.000375s ]
INFO: [ app_begin ] --END-- [ RunTime:0.000424s ]
NOTIC: [8] Undefined index: login /Users/yangxiao/Desktop/www/cansg/Application/Admin/Common/function.php 第 38 行.

[ 2017-06-12T00:30:25+08:00 ] 127.0.0.1 /index.php/Admin/Index/index
INFO: [ app_init ] --START--
INFO: Run Behavior\BuildLiteBehavior [ RunTime:0.000026s ]
INFO: [ app_init ] --END-- [ RunTime:0.000324s ]

[ 2017-06-12T00:30:25+08:00 ] 127.0.0.1 /index.php/Admin/Index/welcome
INFO: [ app_init ] --START--
INFO: Run Behavior\BuildLiteBehavior [ RunTime:0.000014s ]
INFO: [ app_init ] --END-- [ RunTime:0.000289s ]

[ 2017-06-12T00:30:25+08:00 ] 127.0.0.1 /index.php/Admin/System/login_task
INFO: [ app_init ] --START--
INFO: Run Behavior\BuildLiteBehavior [ RunTime:0.000012s ]
INFO: [ app_init ] --END-- [ RunTime:0.000287s ]
INFO: [ app_begin ] --START--
INFO: Run Behavior\ReadHtmlCacheBehavior [ RunTime:0.000407s ]
INFO: [ app_begin ] --END-- [ RunTime:0.000464s ]
NOTIC: [8] Undefined index: login_task /Users/yangxiao/Desktop/www/cansg/Application/Admin/Common/function.php 第 38 行.
NOTIC: [2] Invalid argument supplied for foreach() /Users/yangxiao/Desktop/www/cansg/Application/Admin/Controller/SystemController.class.php 第 248 行.
INFO: [ app_end ] --START--
INFO: Run Behavior\ShowPageTraceBehavior [ RunTime:0.000569s ]
INFO: [ app_end ] --END-- [ RunTime:0.000690s ]

[ 2017-06-12T00:30:35+08:00 ] 127.0.0.1 /index.php/Admin/Article/notice_list
INFO: [ app_init ] --START--
INFO: Run Behavior\BuildLiteBehavior [ RunTime:0.000023s ]
INFO: [ app_init ] --END-- [ RunTime:0.000429s ]

[ 2017-06-12T00:31:39+08:00 ] 127.0.0.1 /index.php/Admin/Article/help_list
INFO: [ app_init ] --START--
INFO: Run Behavior\BuildLiteBehavior [ RunTime:0.000015s ]
INFO: [ app_init ] --END-- [ RunTime:0.000287s ]

[ 2017-06-12T00:31:41+08:00 ] 127.0.0.1 /index.php/Admin/Article/notice_list
INFO: [ app_init ] --START--
INFO: Run Behavior\BuildLiteBehavior [ RunTime:0.000017s ]
INFO: [ app_init ] --END-- [ RunTime:0.000410s ]

[ 2017-06-12T00:31:44+08:00 ] 127.0.0.1 /index.php/Admin/Index/index
INFO: [ app_init ] --START--
INFO: Run Behavior\BuildLiteBehavior [ RunTime:0.000013s ]
INFO: [ app_init ] --END-- [ RunTime:0.000273s ]

[ 2017-06-12T00:31:44+08:00 ] 127.0.0.1 /index.php/Admin/System/login_task
INFO: [ app_init ] --START--
INFO: Run Behavior\BuildLiteBehavior [ RunTime:0.000013s ]
INFO: [ app_init ] --END-- [ RunTime:0.000279s ]
INFO: [ app_begin ] --START--
INFO: Run Behavior\ReadHtmlCacheBehavior [ RunTime:0.000418s ]
INFO: [ app_begin ] --END-- [ RunTime:0.000471s ]
NOTIC: [8] Undefined index: login_task /Users/yangxiao/Desktop/www/cansg/Application/Admin/Common/function.php 第 38 行.
NOTIC: [2] Invalid argument supplied for foreach() /Users/yangxiao/Desktop/www/cansg/Application/Admin/Controller/SystemController.class.php 第 248 行.
INFO: [ app_end ] --START--
INFO: Run Behavior\ShowPageTraceBehavior [ RunTime:0.000403s ]
INFO: [ app_end ] --END-- [ RunTime:0.000456s ]

[ 2017-06-12T00:31:44+08:00 ] 127.0.0.1 /index.php/Admin/Index/welcome
INFO: [ app_init ] --START--
INFO: Run Behavior\BuildLiteBehavior [ RunTime:0.000013s ]
INFO: [ app_init ] --END-- [ RunTime:0.000290s ]

[ 2017-06-12T00:31:47+08:00 ] 127.0.0.1 /index.php/Admin/Article/app_articleList
INFO: [ app_init ] --START--
INFO: Run Behavior\BuildLiteBehavior [ RunTime:0.000014s ]
INFO: [ app_init ] --END-- [ RunTime:0.000282s ]
ERR: 非法操作:app_articleList

[ 2017-06-12T00:32:11+08:00 ] 127.0.0.1 /index.php/Admin/Article/app_articleList
INFO: [ app_init ] --START--
INFO: Run Behavior\BuildLiteBehavior [ RunTime:0.000020s ]
INFO: [ app_init ] --END-- [ RunTime:0.000366s ]
ERR: 模板不存在:./Application/Admin/View/Article/app_articleList.html

[ 2017-06-12T00:32:44+08:00 ] 127.0.0.1 /index.php/Admin/Article/app_articleList
INFO: [ app_init ] --START--
INFO: Run Behavior\BuildLiteBehavior [ RunTime:0.000021s ]
INFO: [ app_init ] --END-- [ RunTime:0.000384s ]

[ 2017-06-12T00:32:46+08:00 ] 127.0.0.1 /index.php/Admin/Article/app_article
INFO: [ app_init ] --START--
INFO: Run Behavior\BuildLiteBehavior [ RunTime:0.000017s ]
INFO: [ app_init ] --END-- [ RunTime:0.000381s ]

[ 2017-06-12T00:32:53+08:00 ] 127.0.0.1 /index.php/Admin/Article/app_articleList
INFO: [ app_init ] --START--
INFO: Run Behavior\BuildLiteBehavior [ RunTime:0.000025s ]
INFO: [ app_init ] --END-- [ RunTime:0.000471s ]

[ 2017-06-12T00:32:55+08:00 ] 127.0.0.1 /index.php/Admin/Article/articleList
INFO: [ app_init ] --START--
INFO: Run Behavior\BuildLiteBehavior [ RunTime:0.000013s ]
INFO: [ app_init ] --END-- [ RunTime:0.000284s ]

[ 2017-06-12T00:33:44+08:00 ] 127.0.0.1 /index.php/Admin/Article/app_articleList
INFO: [ app_init ] --START--
INFO: Run Behavior\BuildLiteBehavior [ RunTime:0.000015s ]
INFO: [ app_init ] --END-- [ RunTime:0.000292s ]

[ 2017-06-12T00:33:45+08:00 ] 127.0.0.1 /index.php/Admin/Article/help_list
INFO: [ app_init ] --START--
INFO: Run Behavior\BuildLiteBehavior [ RunTime:0.000014s ]
INFO: [ app_init ] --END-- [ RunTime:0.000306s ]

[ 2017-06-12T00:33:45+08:00 ] 127.0.0.1 /index.php/Admin/Article/articleList
INFO: [ app_init ] --START--
INFO: Run Behavior\BuildLiteBehavior [ RunTime:0.000013s ]
INFO: [ app_init ] --END-- [ RunTime:0.000274s ]

[ 2017-06-12T00:33:47+08:00 ] 127.0.0.1 /index.php/Admin/Article/app_articleList
INFO: [ app_init ] --START--
INFO: Run Behavior\BuildLiteBehavior [ RunTime:0.000012s ]
INFO: [ app_init ] --END-- [ RunTime:0.000277s ]

[ 2017-06-12T00:33:49+08:00 ] 127.0.0.1 /index.php/Admin/Article/app_article
INFO: [ app_init ] --START--
INFO: Run Behavior\BuildLiteBehavior [ RunTime:0.000014s ]
INFO: [ app_init ] --END-- [ RunTime:0.000304s ]

[ 2017-06-12T00:33:58+08:00 ] 127.0.0.1 /index.php/Admin/Article/app_aticleHandle
INFO: [ app_init ] --START--
INFO: Run Behavior\BuildLiteBehavior [ RunTime:0.000021s ]
INFO: [ app_init ] --END-- [ RunTime:0.000364s ]

[ 2017-06-12T00:34:00+08:00 ] 127.0.0.1 /index.php/Admin/Article/app_article
INFO: [ app_init ] --START--
INFO: Run Behavior\BuildLiteBehavior [ RunTime:0.000013s ]
INFO: [ app_init ] --END-- [ RunTime:0.000279s ]

[ 2017-06-12T00:34:02+08:00 ] 127.0.0.1 /index.php/Admin/Article/app_articleList
INFO: [ app_init ] --START--
INFO: Run Behavior\BuildLiteBehavior [ RunTime:0.000019s ]
INFO: [ app_init ] --END-- [ RunTime:0.000406s ]

[ 2017-06-12T00:34:15+08:00 ] 127.0.0.1 /index.php/Admin/Article/app_articleList
INFO: [ app_init ] --START--
INFO: Run Behavior\BuildLiteBehavior [ RunTime:0.000020s ]
INFO: [ app_init ] --END-- [ RunTime:0.000388s ]

[ 2017-06-12T00:34:16+08:00 ] 127.0.0.1 /index.php/Admin/Article/app_articleList
INFO: [ app_init ] --START--
INFO: Run Behavior\BuildLiteBehavior [ RunTime:0.000012s ]
INFO: [ app_init ] --END-- [ RunTime:0.000285s ]

[ 2017-06-12T00:34:18+08:00 ] 127.0.0.1 /index.php/Admin/Article/app_article
INFO: [ app_init ] --START--
INFO: Run Behavior\BuildLiteBehavior [ RunTime:0.000025s ]
INFO: [ app_init ] --END-- [ RunTime:0.000582s ]

[ 2017-06-12T00:34:23+08:00 ] 127.0.0.1 /index.php/Admin/Article/app_articleList
INFO: [ app_init ] --START--
INFO: Run Behavior\BuildLiteBehavior [ RunTime:0.000014s ]
INFO: [ app_init ] --END-- [ RunTime:0.000279s ]

[ 2017-06-12T00:36:49+08:00 ] 127.0.0.1 /index.php/Admin/Article/app_articleList
INFO: [ app_init ] --START--
INFO: Run Behavior\BuildLiteBehavior [ RunTime:0.000025s ]
INFO: [ app_init ] --END-- [ RunTime:0.000405s ]

[ 2017-06-12T00:37:06+08:00 ] 127.0.0.1 /index.php/Admin/Article/app_articleList
INFO: [ app_init ] --START--
INFO: Run Behavior\BuildLiteBehavior [ RunTime:0.000014s ]
INFO: [ app_init ] --END-- [ RunTime:0.000296s ]

[ 2017-06-12T00:39:18+08:00 ] 127.0.0.1 /index.php/Admin/Index/index
INFO: [ app_init ] --START--
INFO: Run Behavior\BuildLiteBehavior [ RunTime:0.000014s ]
INFO: [ app_init ] --END-- [ RunTime:0.000296s ]

[ 2017-06-12T00:39:18+08:00 ] 127.0.0.1 /index.php/Admin/System/login_task
INFO: [ app_init ] --START--
INFO: Run Behavior\BuildLiteBehavior [ RunTime:0.000013s ]
INFO: [ app_init ] --END-- [ RunTime:0.000336s ]
INFO: [ app_begin ] --START--
INFO: Run Behavior\ReadHtmlCacheBehavior [ RunTime:0.000371s ]
INFO: [ app_begin ] --END-- [ RunTime:0.000422s ]
NOTIC: [8] Undefined index: login_task /Users/yangxiao/Desktop/www/cansg/Application/Admin/Common/function.php 第 38 行.
NOTIC: [2] Invalid argument supplied for foreach() /Users/yangxiao/Desktop/www/cansg/Application/Admin/Controller/SystemController.class.php 第 248 行.
INFO: [ app_end ] --START--
INFO: Run Behavior\ShowPageTraceBehavior [ RunTime:0.000463s ]
INFO: [ app_end ] --END-- [ RunTime:0.000514s ]

[ 2017-06-12T00:39:18+08:00 ] 127.0.0.1 /index.php/Admin/Index/welcome
INFO: [ app_init ] --START--
INFO: Run Behavior\BuildLiteBehavior [ RunTime:0.000013s ]
INFO: [ app_init ] --END-- [ RunTime:0.000390s ]

[ 2017-06-12T00:39:21+08:00 ] 127.0.0.1 /index.php/Admin/Article/app_articleList
INFO: [ app_init ] --START--
INFO: Run Behavior\BuildLiteBehavior [ RunTime:0.000015s ]
INFO: [ app_init ] --END-- [ RunTime:0.000326s ]

[ 2017-06-12T00:39:25+08:00 ] 127.0.0.1 /index.php/Admin/Article/app_article
INFO: [ app_init ] --START--
INFO: Run Behavior\BuildLiteBehavior [ RunTime:0.000013s ]
INFO: [ app_init ] --END-- [ RunTime:0.000288s ]

[ 2017-06-12T00:39:51+08:00 ] 127.0.0.1 /index.php/Admin/Article/app_articleList
INFO: [ app_init ] --START--
INFO: Run Behavior\BuildLiteBehavior [ RunTime:0.000013s ]
INFO: [ app_init ] --END-- [ RunTime:0.000305s ]

[ 2017-06-12T00:39:52+08:00 ] 127.0.0.1 /index.php/Admin/Article/app_article
INFO: [ app_init ] --START--
INFO: Run Behavior\BuildLiteBehavior [ RunTime:0.000014s ]
INFO: [ app_init ] --END-- [ RunTime:0.000306s ]

[ 2017-06-12T00:40:02+08:00 ] 127.0.0.1 /index.php/Admin/Article/app_aticleHandle
INFO: [ app_init ] --START--
INFO: Run Behavior\BuildLiteBehavior [ RunTime:0.000019s ]
INFO: [ app_init ] --END-- [ RunTime:0.000407s ]

[ 2017-06-12T00:40:03+08:00 ] 127.0.0.1 /index.php/Admin/Article/app_article
INFO: [ app_init ] --START--
INFO: Run Behavior\BuildLiteBehavior [ RunTime:0.000014s ]
INFO: [ app_init ] --END-- [ RunTime:0.000375s ]

[ 2017-06-12T00:40:06+08:00 ] 127.0.0.1 /index.php/Admin/Article/articleList
INFO: [ app_init ] --START--
INFO: Run Behavior\BuildLiteBehavior [ RunTime:0.000027s ]
INFO: [ app_init ] --END-- [ RunTime:0.000578s ]

[ 2017-06-12T00:40:07+08:00 ] 127.0.0.1 /index.php/Admin/Article/app_articleList
INFO: [ app_init ] --START--
INFO: Run Behavior\BuildLiteBehavior [ RunTime:0.000016s ]
INFO: [ app_init ] --END-- [ RunTime:0.000316s ]

[ 2017-06-12T00:40:22+08:00 ] 127.0.0.1 /index.php?m=Admin&c=Article&a=changeTop&cate_id=2&id=0
INFO: [ app_init ] --START--
INFO: Run Behavior\BuildLiteBehavior [ RunTime:0.000013s ]
INFO: [ app_init ] --END-- [ RunTime:0.000282s ]
INFO: [ app_begin ] --START--
INFO: Run Behavior\ReadHtmlCacheBehavior [ RunTime:0.000530s ]
INFO: [ app_begin ] --END-- [ RunTime:0.000607s ]
NOTIC: [8] Undefined index: changeTop /Users/yangxiao/Desktop/www/cansg/Application/Admin/Common/function.php 第 38 行.
INFO: [ app_end ] --START--
INFO: Run Behavior\ShowPageTraceBehavior [ RunTime:0.000407s ]
INFO: [ app_end ] --END-- [ RunTime:0.000472s ]

[ 2017-06-12T00:40:22+08:00 ] 127.0.0.1 /index.php/Admin/Article/app_articleList
INFO: [ app_init ] --START--
INFO: Run Behavior\BuildLiteBehavior [ RunTime:0.000013s ]
INFO: [ app_init ] --END-- [ RunTime:0.000341s ]

[ 2017-06-12T00:40:44+08:00 ] 127.0.0.1 /index.php/Admin/Article/app_articleList
INFO: [ app_init ] --START--
INFO: Run Behavior\BuildLiteBehavior [ RunTime:0.000013s ]
INFO: [ app_init ] --END-- [ RunTime:0.000278s ]

[ 2017-06-12T00:40:46+08:00 ] 127.0.0.1 /index.php/Admin/Article/article/act/edit/article_id/0
INFO: [ app_init ] --START--
INFO: Run Behavior\BuildLiteBehavior [ RunTime:0.000015s ]
INFO: [ app_init ] --END-- [ RunTime:0.000361s ]

[ 2017-06-12T00:40:48+08:00 ] 127.0.0.1 /index.php/Admin/Article/app_articleList
INFO: [ app_init ] --START--
INFO: Run Behavior\BuildLiteBehavior [ RunTime:0.000014s ]
INFO: [ app_init ] --END-- [ RunTime:0.000291s ]

[ 2017-06-12T00:41:17+08:00 ] 127.0.0.1 /index.php/Admin/Article/app_articleList
INFO: [ app_init ] --START--
INFO: Run Behavior\BuildLiteBehavior [ RunTime:0.000017s ]
INFO: [ app_init ] --END-- [ RunTime:0.000365s ]

[ 2017-06-12T00:41:18+08:00 ] 127.0.0.1 /index.php/Admin/Article/app_article/act/edit/article_id/0
INFO: [ app_init ] --START--
INFO: Run Behavior\BuildLiteBehavior [ RunTime:0.000017s ]
INFO: [ app_init ] --END-- [ RunTime:0.000394s ]

[ 2017-06-12T00:41:52+08:00 ] 127.0.0.1 /index.php/Admin/Article/app_articleList
INFO: [ app_init ] --START--
INFO: Run Behavior\BuildLiteBehavior [ RunTime:0.000013s ]
INFO: [ app_init ] --END-- [ RunTime:0.000302s ]

[ 2017-06-12T00:41:53+08:00 ] 127.0.0.1 /index.php/Admin/Article/app_article/act/edit/article_id/0
INFO: [ app_init ] --START--
INFO: Run Behavior\BuildLiteBehavior [ RunTime:0.000014s ]
INFO: [ app_init ] --END-- [ RunTime:0.000304s ]

[ 2017-06-12T00:43:15+08:00 ] 127.0.0.1 /index.php/Admin/Article/app_articleList
INFO: [ app_init ] --START--
INFO: Run Behavior\BuildLiteBehavior [ RunTime:0.000013s ]
INFO: [ app_init ] --END-- [ RunTime:0.000297s ]

[ 2017-06-12T00:43:17+08:00 ] 127.0.0.1 /index.php/Admin/Article/app_article/act/edit/article_id/2
INFO: [ app_init ] --START--
INFO: Run Behavior\BuildLiteBehavior [ RunTime:0.000025s ]
INFO: [ app_init ] --END-- [ RunTime:0.000365s ]

[ 2017-06-12T00:44:35+08:00 ] 127.0.0.1 /index.php/Admin/Article/help_list
INFO: [ app_init ] --START--
INFO: Run Behavior\BuildLiteBehavior [ RunTime:0.000012s ]
INFO: [ app_init ] --END-- [ RunTime:0.000283s ]

[ 2017-06-12T00:44:35+08:00 ] 127.0.0.1 /index.php/Admin/Article/app_articleList
INFO: [ app_init ] --START--
INFO: Run Behavior\BuildLiteBehavior [ RunTime:0.000017s ]
INFO: [ app_init ] --END-- [ RunTime:0.000392s ]

[ 2017-06-12T00:44:36+08:00 ] 127.0.0.1 /index.php/Admin/Article/app_article/act/edit/article_id/2
INFO: [ app_init ] --START--
INFO: Run Behavior\BuildLiteBehavior [ RunTime:0.000015s ]
INFO: [ app_init ] --END-- [ RunTime:0.000356s ]

[ 2017-06-12T00:44:52+08:00 ] 127.0.0.1 /index.php/Admin/Article/app_aticleHandle
INFO: [ app_init ] --START--
INFO: Run Behavior\BuildLiteBehavior [ RunTime:0.000018s ]
INFO: [ app_init ] --END-- [ RunTime:0.000400s ]

[ 2017-06-12T00:44:53+08:00 ] 127.0.0.1 /index.php/Admin/Article/app_article/act/edit/article_id/2
INFO: [ app_init ] --START--
INFO: Run Behavior\BuildLiteBehavior [ RunTime:0.000014s ]
INFO: [ app_init ] --END-- [ RunTime:0.000294s ]

[ 2017-06-12T00:44:55+08:00 ] 127.0.0.1 /index.php/Admin/Article/app_articleList
INFO: [ app_init ] --START--
INFO: Run Behavior\BuildLiteBehavior [ RunTime:0.000018s ]
INFO: [ app_init ] --END-- [ RunTime:0.000361s ]

[ 2017-06-12T00:44:57+08:00 ] 127.0.0.1 /index.php/Admin/Article/app_article/act/edit/article_id/2
INFO: [ app_init ] --START--
INFO: Run Behavior\BuildLiteBehavior [ RunTime:0.000013s ]
INFO: [ app_init ] --END-- [ RunTime:0.000285s ]

[ 2017-06-12T00:45:13+08:00 ] 127.0.0.1 /index.php/Admin/Ad/adList
INFO: [ app_init ] --START--
INFO: Run Behavior\BuildLiteBehavior [ RunTime:0.000014s ]
INFO: [ app_init ] --END-- [ RunTime:0.000320s ]

[ 2017-06-12T00:45:16+08:00 ] 127.0.0.1 /index.php/Admin/Ad/positionList
INFO: [ app_init ] --START--
INFO: Run Behavior\BuildLiteBehavior [ RunTime:0.000013s ]
INFO: [ app_init ] --END-- [ RunTime:0.000285s ]

[ 2017-06-12T00:45:17+08:00 ] 127.0.0.1 /index.php/Admin/Ad/adList
INFO: [ app_init ] --START--
INFO: Run Behavior\BuildLiteBehavior [ RunTime:0.000016s ]
INFO: [ app_init ] --END-- [ RunTime:0.000359s ]

[ 2017-06-12T00:45:18+08:00 ] 127.0.0.1 /index.php/Admin/Ad/ad
INFO: [ app_init ] --START--
INFO: Run Behavior\BuildLiteBehavior [ RunTime:0.000014s ]
INFO: [ app_init ] --END-- [ RunTime:0.000303s ]

[ 2017-06-12T00:45:40+08:00 ] 127.0.0.1 /index.php/Admin/Ad/positionList
INFO: [ app_init ] --START--
INFO: Run Behavior\BuildLiteBehavior [ RunTime:0.000014s ]
INFO: [ app_init ] --END-- [ RunTime:0.000323s ]

[ 2017-06-12T00:45:42+08:00 ] 127.0.0.1 /index.php/Admin/Ad/positionList
INFO: [ app_init ] --START--
INFO: Run Behavior\BuildLiteBehavior [ RunTime:0.000013s ]
INFO: [ app_init ] --END-- [ RunTime:0.000275s ]

[ 2017-06-12T00:45:42+08:00 ] 127.0.0.1 /index.php/Admin/Ad/positionList
INFO: [ app_init ] --START--
INFO: Run Behavior\BuildLiteBehavior [ RunTime:0.000027s ]
INFO: [ app_init ] --END-- [ RunTime:0.000487s ]

[ 2017-06-12T00:45:58+08:00 ] 127.0.0.1 /index.php/Admin/Ad/adList
INFO: [ app_init ] --START--
INFO: Run Behavior\BuildLiteBehavior [ RunTime:0.000019s ]
INFO: [ app_init ] --END-- [ RunTime:0.000363s ]

[ 2017-06-12T00:46:00+08:00 ] 127.0.0.1 /index.php/Admin/Index/index
INFO: [ app_init ] --START--
INFO: Run Behavior\BuildLiteBehavior [ RunTime:0.000012s ]
INFO: [ app_init ] --END-- [ RunTime:0.000280s ]

[ 2017-06-12T00:46:01+08:00 ] 127.0.0.1 /index.php/Admin/System/login_task
INFO: [ app_init ] --START--
INFO: Run Behavior\BuildLiteBehavior [ RunTime:0.000013s ]
INFO: [ app_init ] --END-- [ RunTime:0.000285s ]
INFO: [ app_begin ] --START--
INFO: Run Behavior\ReadHtmlCacheBehavior [ RunTime:0.000363s ]
INFO: [ app_begin ] --END-- [ RunTime:0.000415s ]
NOTIC: [8] Undefined index: login_task /Users/yangxiao/Desktop/www/cansg/Application/Admin/Common/function.php 第 38 行.
NOTIC: [2] Invalid argument supplied for foreach() /Users/yangxiao/Desktop/www/cansg/Application/Admin/Controller/SystemController.class.php 第 248 行.
INFO: [ app_end ] --START--
INFO: Run Behavior\ShowPageTraceBehavior [ RunTime:0.000572s ]
INFO: [ app_end ] --END-- [ RunTime:0.000693s ]

[ 2017-06-12T00:46:01+08:00 ] 127.0.0.1 /index.php/Admin/Index/welcome
INFO: [ app_init ] --START--
INFO: Run Behavior\BuildLiteBehavior [ RunTime:0.000012s ]
INFO: [ app_init ] --END-- [ RunTime:0.000283s ]

[ 2017-06-12T00:52:39+08:00 ] 127.0.0.1 /index.php/Admin/Ad/adList
INFO: [ app_init ] --START--
INFO: Run Behavior\BuildLiteBehavior [ RunTime:0.000016s ]
INFO: [ app_init ] --END-- [ RunTime:0.000357s ]

[ 2017-06-12T00:52:45+08:00 ] 127.0.0.1 /index.php/Admin/Ad/ad
INFO: [ app_init ] --START--
INFO: Run Behavior\BuildLiteBehavior [ RunTime:0.000022s ]
INFO: [ app_init ] --END-- [ RunTime:0.000401s ]

[ 2017-06-12T00:52:59+08:00 ] 127.0.0.1 /index.php?m=Admin&c=Uploadify&a=upload&num=1&input=ad_code&path=ad&func=
INFO: [ app_init ] --START--
INFO: Run Behavior\BuildLiteBehavior [ RunTime:0.000025s ]
INFO: [ app_init ] --END-- [ RunTime:0.000463s ]

[ 2017-06-12T00:53:05+08:00 ] 127.0.0.1 /index.php/Admin/Ueditor/imageUp/savepath/ad/pictitle/banner/dir/images
INFO: [ app_init ] --START--
INFO: Run Behavior\BuildLiteBehavior [ RunTime:0.000014s ]
INFO: [ app_init ] --END-- [ RunTime:0.000293s ]

[ 2017-06-12T00:53:57+08:00 ] 127.0.0.1 /index.php/Admin/Ad/adList
INFO: [ app_init ] --START--
INFO: Run Behavior\BuildLiteBehavior [ RunTime:0.000016s ]
INFO: [ app_init ] --END-- [ RunTime:0.000342s ]

[ 2017-06-12T00:53:58+08:00 ] 127.0.0.1 /index.php/Admin/Ad/ad
INFO: [ app_init ] --START--
INFO: Run Behavior\BuildLiteBehavior [ RunTime:0.000016s ]
INFO: [ app_init ] --END-- [ RunTime:0.000317s ]

[ 2017-06-12T00:54:14+08:00 ] 127.0.0.1 /index.php/Admin/Ad/adList
INFO: [ app_init ] --START--
INFO: Run Behavior\BuildLiteBehavior [ RunTime:0.000016s ]
INFO: [ app_init ] --END-- [ RunTime:0.000362s ]

[ 2017-06-12T00:54:15+08:00 ] 127.0.0.1 /index.php/Admin/Ad/ad
INFO: [ app_init ] --START--
INFO: Run Behavior\BuildLiteBehavior [ RunTime:0.000012s ]
INFO: [ app_init ] --END-- [ RunTime:0.000279s ]

[ 2017-06-12T00:54:36+08:00 ] 127.0.0.1 /index.php/Admin/Ad/adList
INFO: [ app_init ] --START--
INFO: Run Behavior\BuildLiteBehavior [ RunTime:0.000013s ]
INFO: [ app_init ] --END-- [ RunTime:0.000286s ]

[ 2017-06-12T00:54:37+08:00 ] 127.0.0.1 /index.php/Admin/Ad/ad
INFO: [ app_init ] --START--
INFO: Run Behavior\BuildLiteBehavior [ RunTime:0.000013s ]
INFO: [ app_init ] --END-- [ RunTime:0.000281s ]

[ 2017-06-12T00:54:49+08:00 ] 127.0.0.1 /index.php?m=Admin&c=Uploadify&a=upload&num=1&input=ad_code&path=ad&func=
INFO: [ app_init ] --START--
INFO: Run Behavior\BuildLiteBehavior [ RunTime:0.000029s ]
INFO: [ app_init ] --END-- [ RunTime:0.000416s ]

[ 2017-06-12T00:54:54+08:00 ] 127.0.0.1 /index.php/Admin/Ueditor/imageUp/savepath/ad/pictitle/banner/dir/images
INFO: [ app_init ] --START--
INFO: Run Behavior\BuildLiteBehavior [ RunTime:0.000014s ]
INFO: [ app_init ] --END-- [ RunTime:0.000284s ]

[ 2017-06-12T00:54:56+08:00 ] 127.0.0.1 /index.php/Admin/Ad/adHandle
INFO: [ app_init ] --START--
INFO: Run Behavior\BuildLiteBehavior [ RunTime:0.000014s ]
INFO: [ app_init ] --END-- [ RunTime:0.000303s ]

[ 2017-06-12T00:54:58+08:00 ] 127.0.0.1 /index.php/Admin/Ad/adList
INFO: [ app_init ] --START--
INFO: Run Behavior\BuildLiteBehavior [ RunTime:0.000013s ]
INFO: [ app_init ] --END-- [ RunTime:0.000277s ]

[ 2017-06-12T00:55:59+08:00 ] 127.0.0.1 /index.php/Admin/Ad/adList
INFO: [ app_init ] --START--
INFO: Run Behavior\BuildLiteBehavior [ RunTime:0.000014s ]
INFO: [ app_init ] --END-- [ RunTime:0.000308s ]

[ 2017-06-12T00:56:17+08:00 ] 127.0.0.1 /index.php/Admin/Ad/adList
INFO: [ app_init ] --START--
INFO: Run Behavior\BuildLiteBehavior [ RunTime:0.000021s ]
INFO: [ app_init ] --END-- [ RunTime:0.000377s ]

[ 2017-06-12T00:56:21+08:00 ] 127.0.0.1 /index.php?m=Admin&c=Index&a=changeTableVal&table=ad&id_name=ad_id&id_value=1&field=target&value=1
INFO: [ app_init ] --START--
INFO: Run Behavior\BuildLiteBehavior [ RunTime:0.000015s ]
INFO: [ app_init ] --END-- [ RunTime:0.000390s ]
INFO: [ app_begin ] --START--
INFO: Run Behavior\ReadHtmlCacheBehavior [ RunTime:0.000458s ]
INFO: [ app_begin ] --END-- [ RunTime:0.000515s ]
NOTIC: [8] Undefined index: changeTableVal /Users/yangxiao/Desktop/www/cansg/Application/Admin/Common/function.php 第 38 行.
INFO: [ app_end ] --START--
INFO: Run Behavior\ShowPageTraceBehavior [ RunTime:0.000512s ]
INFO: [ app_end ] --END-- [ RunTime:0.000587s ]

[ 2017-06-12T00:56:21+08:00 ] 127.0.0.1 /index.php?m=Admin&c=Index&a=changeTableVal&table=ad&id_name=ad_id&id_value=1&field=target&value=0
INFO: [ app_init ] --START--
INFO: Run Behavior\BuildLiteBehavior [ RunTime:0.000012s ]
INFO: [ app_init ] --END-- [ RunTime:0.000274s ]
INFO: [ app_begin ] --START--
INFO: Run Behavior\ReadHtmlCacheBehavior [ RunTime:0.000489s ]
INFO: [ app_begin ] --END-- [ RunTime:0.000546s ]
NOTIC: [8] Undefined index: changeTableVal /Users/yangxiao/Desktop/www/cansg/Application/Admin/Common/function.php 第 38 行.
INFO: [ app_end ] --START--
INFO: Run Behavior\ShowPageTraceBehavior [ RunTime:0.000507s ]
INFO: [ app_end ] --END-- [ RunTime:0.000582s ]

[ 2017-06-12T00:56:25+08:00 ] 127.0.0.1 /index.php/Admin/Ad/ad
INFO: [ app_init ] --START--
INFO: Run Behavior\BuildLiteBehavior [ RunTime:0.000014s ]
INFO: [ app_init ] --END-- [ RunTime:0.000308s ]

[ 2017-06-12T00:56:28+08:00 ] 127.0.0.1 /index.php?m=Admin&c=Uploadify&a=upload&num=1&input=ad_code&path=ad&func=
INFO: [ app_init ] --START--
INFO: Run Behavior\BuildLiteBehavior [ RunTime:0.000013s ]
INFO: [ app_init ] --END-- [ RunTime:0.000286s ]

[ 2017-06-12T00:56:34+08:00 ] 127.0.0.1 /index.php/Admin/Ueditor/imageUp/savepath/ad/pictitle/banner/dir/images
INFO: [ app_init ] --START--
INFO: Run Behavior\BuildLiteBehavior [ RunTime:0.000021s ]
INFO: [ app_init ] --END-- [ RunTime:0.000388s ]

[ 2017-06-12T00:56:36+08:00 ] 127.0.0.1 /index.php/Admin/Ad/adHandle
INFO: [ app_init ] --START--
INFO: Run Behavior\BuildLiteBehavior [ RunTime:0.000015s ]
INFO: [ app_init ] --END-- [ RunTime:0.000328s ]

[ 2017-06-12T00:56:37+08:00 ] 127.0.0.1 /index.php/Admin/Ad/adList
INFO: [ app_init ] --START--
INFO: Run Behavior\BuildLiteBehavior [ RunTime:0.000015s ]
INFO: [ app_init ] --END-- [ RunTime:0.000298s ]

[ 2017-06-12T00:56:49+08:00 ] 127.0.0.1 /index.php/Admin/Article/articleList
INFO: [ app_init ] --START--
INFO: Run Behavior\BuildLiteBehavior [ RunTime:0.000013s ]
INFO: [ app_init ] --END-- [ RunTime:0.000291s ]

[ 2017-06-12T00:56:50+08:00 ] 127.0.0.1 /index.php/Admin/Article/help_list
INFO: [ app_init ] --START--
INFO: Run Behavior\BuildLiteBehavior [ RunTime:0.000019s ]
INFO: [ app_init ] --END-- [ RunTime:0.000475s ]

[ 2017-06-12T14:18:00+08:00 ] 127.0.0.1 /index.php/admin
INFO: [ app_init ] --START--
INFO: Run Behavior\BuildLiteBehavior [ RunTime:0.000022s ]
INFO: [ app_init ] --END-- [ RunTime:0.000563s ]

[ 2017-06-12T14:18:01+08:00 ] 127.0.0.1 /index.php/Admin/System/login_task
INFO: [ app_init ] --START--
INFO: Run Behavior\BuildLiteBehavior [ RunTime:0.000014s ]
INFO: [ app_init ] --END-- [ RunTime:0.000295s ]
INFO: [ app_begin ] --START--
INFO: Run Behavior\ReadHtmlCacheBehavior [ RunTime:0.000369s ]
INFO: [ app_begin ] --END-- [ RunTime:0.000418s ]
NOTIC: [8] Undefined index: login_task /Users/yangxiao/Desktop/www/cansg/Application/Admin/Common/function.php 第 38 行.
NOTIC: [2] Invalid argument supplied for foreach() /Users/yangxiao/Desktop/www/cansg/Application/Admin/Controller/SystemController.class.php 第 248 行.
INFO: [ app_end ] --START--
INFO: Run Behavior\ShowPageTraceBehavior [ RunTime:0.000420s ]
INFO: [ app_end ] --END-- [ RunTime:0.000482s ]

[ 2017-06-12T14:18:01+08:00 ] 127.0.0.1 /index.php/Admin/Index/welcome
INFO: [ app_init ] --START--
INFO: Run Behavior\BuildLiteBehavior [ RunTime:0.000022s ]
INFO: [ app_init ] --END-- [ RunTime:0.000406s ]

[ 2017-06-12T14:18:52+08:00 ] 127.0.0.1 /index.php/Admin/Admin/logout
INFO: [ app_init ] --START--
INFO: Run Behavior\BuildLiteBehavior [ RunTime:0.000027s ]
INFO: [ app_init ] --END-- [ RunTime:0.000387s ]

[ 2017-06-12T14:18:53+08:00 ] 127.0.0.1 /index.php/Admin/Admin/login
INFO: [ app_init ] --START--
INFO: Run Behavior\BuildLiteBehavior [ RunTime:0.000044s ]
INFO: [ app_init ] --END-- [ RunTime:0.000430s ]

[ 2017-06-12T14:18:53+08:00 ] 127.0.0.1 /index.php/Admin/Admin/vertify
INFO: [ app_init ] --START--
INFO: Run Behavior\BuildLiteBehavior [ RunTime:0.000015s ]
INFO: [ app_init ] --END-- [ RunTime:0.000301s ]

[ 2017-06-12T14:19:06+08:00 ] 127.0.0.1 /index.php?m=Admin&c=Admin&a=login&t=0.16569363108934976
INFO: [ app_init ] --START--
INFO: Run Behavior\BuildLiteBehavior [ RunTime:0.000013s ]
INFO: [ app_init ] --END-- [ RunTime:0.000283s ]
INFO: [ app_begin ] --START--
INFO: Run Behavior\ReadHtmlCacheBehavior [ RunTime:0.000667s ]
INFO: [ app_begin ] --END-- [ RunTime:0.000767s ]
NOTIC: [8] Undefined index: login /Users/yangxiao/Desktop/www/cansg/Application/Admin/Common/function.php 第 38 行.

[ 2017-06-12T14:19:09+08:00 ] 127.0.0.1 /index.php/Admin/Index/index
INFO: [ app_init ] --START--
INFO: Run Behavior\BuildLiteBehavior [ RunTime:0.000014s ]
INFO: [ app_init ] --END-- [ RunTime:0.000284s ]

[ 2017-06-12T14:19:10+08:00 ] 127.0.0.1 /index.php/Admin/System/login_task
INFO: [ app_init ] --START--
INFO: Run Behavior\BuildLiteBehavior [ RunTime:0.000014s ]
INFO: [ app_init ] --END-- [ RunTime:0.000335s ]
INFO: [ app_begin ] --START--
INFO: Run Behavior\ReadHtmlCacheBehavior [ RunTime:0.000367s ]
INFO: [ app_begin ] --END-- [ RunTime:0.000417s ]
NOTIC: [8] Undefined index: login_task /Users/yangxiao/Desktop/www/cansg/Application/Admin/Common/function.php 第 38 行.
NOTIC: [2] Invalid argument supplied for foreach() /Users/yangxiao/Desktop/www/cansg/Application/Admin/Controller/SystemController.class.php 第 248 行.
INFO: [ app_end ] --START--
INFO: Run Behavior\ShowPageTraceBehavior [ RunTime:0.000407s ]
INFO: [ app_end ] --END-- [ RunTime:0.000458s ]

[ 2017-06-12T14:19:10+08:00 ] 127.0.0.1 /index.php/Admin/Index/welcome
INFO: [ app_init ] --START--
INFO: Run Behavior\BuildLiteBehavior [ RunTime:0.000016s ]
INFO: [ app_init ] --END-- [ RunTime:0.000335s ]

[ 2017-06-12T14:39:19+08:00 ] 218.82.224.203 /index.php/Admin
INFO: [ app_init ] --START--
INFO: Run Behavior\BuildLiteBehavior [ RunTime:0.000017s ]
INFO: [ app_init ] --END-- [ RunTime:0.000371s ]

[ 2017-06-12T14:39:20+08:00 ] 218.82.224.203 /index.php/Admin/Admin/login
INFO: [ app_init ] --START--
INFO: Run Behavior\BuildLiteBehavior [ RunTime:0.000017s ]
INFO: [ app_init ] --END-- [ RunTime:0.000400s ]

[ 2017-06-12T14:39:20+08:00 ] 218.82.224.203 /index.php/Admin/Admin/vertify
INFO: [ app_init ] --START--
INFO: Run Behavior\BuildLiteBehavior [ RunTime:0.000017s ]
INFO: [ app_init ] --END-- [ RunTime:0.000368s ]

[ 2017-06-12T14:39:30+08:00 ] 218.82.224.203 /index.php?m=Admin&c=Admin&a=login&t=0.40594745885672123
INFO: [ app_init ] --START--
INFO: Run Behavior\BuildLiteBehavior [ RunTime:0.000012s ]
INFO: [ app_init ] --END-- [ RunTime:0.000263s ]
INFO: [ app_begin ] --START--
INFO: Run Behavior\ReadHtmlCacheBehavior [ RunTime:0.000375s ]
INFO: [ app_begin ] --END-- [ RunTime:0.000427s ]
NOTIC: [8] Undefined offset: 0 /home/wwwroot/php56/domain/cgg.265nt.com/web/ThinkPHP/Library/Think/Db/Driver.class.php 第 114 行.
NOTIC: [8] Undefined offset: 0 /home/wwwroot/php56/domain/cgg.265nt.com/web/ThinkPHP/Library/Think/Db/Driver.class.php 第 114 行.
NOTIC: [8] Undefined offset: 0 /home/wwwroot/php56/domain/cgg.265nt.com/web/ThinkPHP/Library/Think/Db/Driver.class.php 第 114 行.
NOTIC: [2] Invalid argument supplied for foreach() /home/wwwroot/php56/domain/cgg.265nt.com/web/Application/Admin/Controller/BaseController.class.php 第 54 行.
NOTIC: [8] Undefined index: login /home/wwwroot/php56/domain/cgg.265nt.com/web/Application/Admin/Common/function.php 第 38 行.
NOTIC: [8] Undefined offset: 0 /home/wwwroot/php56/domain/cgg.265nt.com/web/ThinkPHP/Library/Think/Db/Driver.class.php 第 114 行.
NOTIC: [8] Undefined offset: 0 /home/wwwroot/php56/domain/cgg.265nt.com/web/ThinkPHP/Library/Think/Db/Driver.class.php 第 114 行.
NOTIC: [8] Undefined offset: 0 /home/wwwroot/php56/domain/cgg.265nt.com/web/ThinkPHP/Library/Think/Db/Driver.class.php 第 114 行.

[ 2017-06-12T14:39:31+08:00 ] 218.82.224.203 /index.php?m=Admin&c=Admin&a=login&t=0.44733396294009775
INFO: [ app_init ] --START--
INFO: Run Behavior\BuildLiteBehavior [ RunTime:0.000015s ]
INFO: [ app_init ] --END-- [ RunTime:0.000246s ]
INFO: [ app_begin ] --START--
INFO: Run Behavior\ReadHtmlCacheBehavior [ RunTime:0.000357s ]
INFO: [ app_begin ] --END-- [ RunTime:0.000400s ]
NOTIC: [8] Undefined offset: 0 /home/wwwroot/php56/domain/cgg.265nt.com/web/ThinkPHP/Library/Think/Db/Driver.class.php 第 114 行.
NOTIC: [8] Undefined offset: 0 /home/wwwroot/php56/domain/cgg.265nt.com/web/ThinkPHP/Library/Think/Db/Driver.class.php 第 114 行.
NOTIC: [8] Undefined offset: 0 /home/wwwroot/php56/domain/cgg.265nt.com/web/ThinkPHP/Library/Think/Db/Driver.class.php 第 114 行.
NOTIC: [2] Invalid argument supplied for foreach() /home/wwwroot/php56/domain/cgg.265nt.com/web/Application/Admin/Controller/BaseController.class.php 第 54 行.
NOTIC: [8] Undefined index: login /home/wwwroot/php56/domain/cgg.265nt.com/web/Application/Admin/Common/function.php 第 38 行.

[ 2017-06-12T14:39:33+08:00 ] 218.82.224.203 /index.php?m=Admin&c=Admin&a=vertify&r=81
INFO: [ app_init ] --START--
INFO: Run Behavior\BuildLiteBehavior [ RunTime:0.000022s ]
INFO: [ app_init ] --END-- [ RunTime:0.000434s ]

[ 2017-06-12T14:39:37+08:00 ] 218.82.224.203 /index.php?m=Admin&c=Admin&a=login&t=0.1298296041829935
INFO: [ app_init ] --START--
INFO: Run Behavior\BuildLiteBehavior [ RunTime:0.000015s ]
INFO: [ app_init ] --END-- [ RunTime:0.000327s ]
INFO: [ app_begin ] --START--
INFO: Run Behavior\ReadHtmlCacheBehavior [ RunTime:0.000430s ]
INFO: [ app_begin ] --END-- [ RunTime:0.000485s ]
NOTIC: [8] Undefined offset: 0 /home/wwwroot/php56/domain/cgg.265nt.com/web/ThinkPHP/Library/Think/Db/Driver.class.php 第 114 行.
NOTIC: [8] Undefined offset: 0 /home/wwwroot/php56/domain/cgg.265nt.com/web/ThinkPHP/Library/Think/Db/Driver.class.php 第 114 行.
NOTIC: [8] Undefined offset: 0 /home/wwwroot/php56/domain/cgg.265nt.com/web/ThinkPHP/Library/Think/Db/Driver.class.php 第 114 行.
NOTIC: [2] Invalid argument supplied for foreach() /home/wwwroot/php56/domain/cgg.265nt.com/web/Application/Admin/Controller/BaseController.class.php 第 54 行.
NOTIC: [8] Undefined index: login /home/wwwroot/php56/domain/cgg.265nt.com/web/Application/Admin/Common/function.php 第 38 行.
NOTIC: [8] Undefined offset: 0 /home/wwwroot/php56/domain/cgg.265nt.com/web/ThinkPHP/Library/Think/Db/Driver.class.php 第 114 行.
NOTIC: [8] Undefined offset: 0 /home/wwwroot/php56/domain/cgg.265nt.com/web/ThinkPHP/Library/Think/Db/Driver.class.php 第 114 行.
NOTIC: [8] Undefined offset: 0 /home/wwwroot/php56/domain/cgg.265nt.com/web/ThinkPHP/Library/Think/Db/Driver.class.php 第 114 行.

[ 2017-06-12T14:39:47+08:00 ] 218.82.224.203 /index.php?m=Admin&c=Admin&a=vertify&r=22
INFO: [ app_init ] --START--
INFO: Run Behavior\BuildLiteBehavior [ RunTime:0.000017s ]
INFO: [ app_init ] --END-- [ RunTime:0.000342s ]

[ 2017-06-12T14:39:53+08:00 ] 218.82.224.203 /index.php?m=Admin&c=Admin&a=login&t=0.7541601194899877
INFO: [ app_init ] --START--
INFO: Run Behavior\BuildLiteBehavior [ RunTime:0.000016s ]
INFO: [ app_init ] --END-- [ RunTime:0.000339s ]
INFO: [ app_begin ] --START--
INFO: Run Behavior\ReadHtmlCacheBehavior [ RunTime:0.000348s ]
INFO: [ app_begin ] --END-- [ RunTime:0.000385s ]
NOTIC: [8] Undefined offset: 0 /home/wwwroot/php56/domain/cgg.265nt.com/web/ThinkPHP/Library/Think/Db/Driver.class.php 第 114 行.
NOTIC: [8] Undefined offset: 0 /home/wwwroot/php56/domain/cgg.265nt.com/web/ThinkPHP/Library/Think/Db/Driver.class.php 第 114 行.
NOTIC: [8] Undefined offset: 0 /home/wwwroot/php56/domain/cgg.265nt.com/web/ThinkPHP/Library/Think/Db/Driver.class.php 第 114 行.
NOTIC: [2] Invalid argument supplied for foreach() /home/wwwroot/php56/domain/cgg.265nt.com/web/Application/Admin/Controller/BaseController.class.php 第 54 行.
NOTIC: [8] Undefined index: login /home/wwwroot/php56/domain/cgg.265nt.com/web/Application/Admin/Common/function.php 第 38 行.
NOTIC: [8] Undefined offset: 0 /home/wwwroot/php56/domain/cgg.265nt.com/web/ThinkPHP/Library/Think/Db/Driver.class.php 第 114 行.
NOTIC: [8] Undefined offset: 0 /home/wwwroot/php56/domain/cgg.265nt.com/web/ThinkPHP/Library/Think/Db/Driver.class.php 第 114 行.
NOTIC: [8] Undefined offset: 0 /home/wwwroot/php56/domain/cgg.265nt.com/web/ThinkPHP/Library/Think/Db/Driver.class.php 第 114 行.

[ 2017-06-12T14:40:43+08:00 ] 218.82.224.203 /index.php?m=Admin&c=Admin&a=vertify&r=25
INFO: [ app_init ] --START--
INFO: Run Behavior\BuildLiteBehavior [ RunTime:0.000017s ]
INFO: [ app_init ] --END-- [ RunTime:0.000345s ]

[ 2017-06-12T14:40:46+08:00 ] 218.82.224.203 /index.php?m=Admin&c=Admin&a=login&t=0.9136909226996661
INFO: [ app_init ] --START--
INFO: Run Behavior\BuildLiteBehavior [ RunTime:0.000017s ]
INFO: [ app_init ] --END-- [ RunTime:0.000349s ]
INFO: [ app_begin ] --START--
INFO: Run Behavior\ReadHtmlCacheBehavior [ RunTime:0.000436s ]
INFO: [ app_begin ] --END-- [ RunTime:0.000514s ]
NOTIC: [8] Undefined offset: 0 /home/wwwroot/php56/domain/cgg.265nt.com/web/ThinkPHP/Library/Think/Db/Driver.class.php 第 114 行.
NOTIC: [8] Undefined offset: 0 /home/wwwroot/php56/domain/cgg.265nt.com/web/ThinkPHP/Library/Think/Db/Driver.class.php 第 114 行.
NOTIC: [8] Undefined offset: 0 /home/wwwroot/php56/domain/cgg.265nt.com/web/ThinkPHP/Library/Think/Db/Driver.class.php 第 114 行.
NOTIC: [2] Invalid argument supplied for foreach() /home/wwwroot/php56/domain/cgg.265nt.com/web/Application/Admin/Controller/BaseController.class.php 第 54 行.
NOTIC: [8] Undefined index: login /home/wwwroot/php56/domain/cgg.265nt.com/web/Application/Admin/Common/function.php 第 38 行.
NOTIC: [8] Undefined offset: 0 /home/wwwroot/php56/domain/cgg.265nt.com/web/ThinkPHP/Library/Think/Db/Driver.class.php 第 114 行.
NOTIC: [8] Undefined offset: 0 /home/wwwroot/php56/domain/cgg.265nt.com/web/ThinkPHP/Library/Think/Db/Driver.class.php 第 114 行.
NOTIC: [8] Undefined offset: 0 /home/wwwroot/php56/domain/cgg.265nt.com/web/ThinkPHP/Library/Think/Db/Driver.class.php 第 114 行.

[ 2017-06-12T14:41:41+08:00 ] 218.82.224.203 /index.php?m=Admin&c=Admin&a=vertify&r=18
INFO: [ app_init ] --START--
INFO: Run Behavior\BuildLiteBehavior [ RunTime:0.000015s ]
INFO: [ app_init ] --END-- [ RunTime:0.000344s ]

[ 2017-06-12T14:41:48+08:00 ] 218.82.224.203 /index.php?m=Admin&c=Admin&a=login&t=0.2858771692208186
INFO: [ app_init ] --START--
INFO: Run Behavior\BuildLiteBehavior [ RunTime:0.000017s ]
INFO: [ app_init ] --END-- [ RunTime:0.000357s ]
INFO: [ app_begin ] --START--
INFO: Run Behavior\ReadHtmlCacheBehavior [ RunTime:0.000476s ]
INFO: [ app_begin ] --END-- [ RunTime:0.000543s ]
NOTIC: [8] Undefined offset: 0 /home/wwwroot/php56/domain/cgg.265nt.com/web/ThinkPHP/Library/Think/Db/Driver.class.php 第 114 行.
NOTIC: [8] Undefined offset: 0 /home/wwwroot/php56/domain/cgg.265nt.com/web/ThinkPHP/Library/Think/Db/Driver.class.php 第 114 行.
NOTIC: [8] Undefined offset: 0 /home/wwwroot/php56/domain/cgg.265nt.com/web/ThinkPHP/Library/Think/Db/Driver.class.php 第 114 行.
NOTIC: [2] Invalid argument supplied for foreach() /home/wwwroot/php56/domain/cgg.265nt.com/web/Application/Admin/Controller/BaseController.class.php 第 54 行.
NOTIC: [8] Undefined index: login /home/wwwroot/php56/domain/cgg.265nt.com/web/Application/Admin/Common/function.php 第 38 行.
NOTIC: [8] Undefined offset: 0 /home/wwwroot/php56/domain/cgg.265nt.com/web/ThinkPHP/Library/Think/Db/Driver.class.php 第 114 行.
NOTIC: [8] Undefined offset: 0 /home/wwwroot/php56/domain/cgg.265nt.com/web/ThinkPHP/Library/Think/Db/Driver.class.php 第 114 行.
NOTIC: [8] Undefined offset: 0 /home/wwwroot/php56/domain/cgg.265nt.com/web/ThinkPHP/Library/Think/Db/Driver.class.php 第 114 行.

[ 2017-06-12T14:43:32+08:00 ] 218.82.224.203 /index.php/Admin/Admin/login
INFO: [ app_init ] --START--
INFO: Run Behavior\BuildLiteBehavior [ RunTime:0.000017s ]
INFO: [ app_init ] --END-- [ RunTime:0.000339s ]

[ 2017-06-12T14:43:32+08:00 ] 218.82.224.203 /index.php/Admin/Admin/vertify
INFO: [ app_init ] --START--
INFO: Run Behavior\BuildLiteBehavior [ RunTime:0.000018s ]
INFO: [ app_init ] --END-- [ RunTime:0.000341s ]

[ 2017-06-12T14:43:39+08:00 ] 218.82.224.203 /index.php?m=Admin&c=Admin&a=vertify&r=2
INFO: [ app_init ] --START--
INFO: Run Behavior\BuildLiteBehavior [ RunTime:0.000017s ]
INFO: [ app_init ] --END-- [ RunTime:0.000333s ]

[ 2017-06-12T14:43:42+08:00 ] 218.82.224.203 /index.php?m=Admin&c=Admin&a=vertify&r=14
INFO: [ app_init ] --START--
INFO: Run Behavior\BuildLiteBehavior [ RunTime:0.000016s ]
INFO: [ app_init ] --END-- [ RunTime:0.000352s ]

[ 2017-06-12T14:43:46+08:00 ] 218.82.224.203 /index.php?m=Admin&c=Admin&a=login&t=0.12725239508529873
INFO: [ app_init ] --START--
INFO: Run Behavior\BuildLiteBehavior [ RunTime:0.000015s ]
INFO: [ app_init ] --END-- [ RunTime:0.000323s ]
INFO: [ app_begin ] --START--
INFO: Run Behavior\ReadHtmlCacheBehavior [ RunTime:0.000425s ]
INFO: [ app_begin ] --END-- [ RunTime:0.000481s ]
NOTIC: [8] Undefined offset: 0 /home/wwwroot/php56/domain/cgg.265nt.com/web/ThinkPHP/Library/Think/Db/Driver.class.php 第 114 行.
NOTIC: [8] Undefined offset: 0 /home/wwwroot/php56/domain/cgg.265nt.com/web/ThinkPHP/Library/Think/Db/Driver.class.php 第 114 行.
NOTIC: [8] Undefined offset: 0 /home/wwwroot/php56/domain/cgg.265nt.com/web/ThinkPHP/Library/Think/Db/Driver.class.php 第 114 行.
NOTIC: [2] Invalid argument supplied for foreach() /home/wwwroot/php56/domain/cgg.265nt.com/web/Application/Admin/Controller/BaseController.class.php 第 54 行.
NOTIC: [8] Undefined index: login /home/wwwroot/php56/domain/cgg.265nt.com/web/Application/Admin/Common/function.php 第 38 行.
NOTIC: [8] Undefined offset: 0 /home/wwwroot/php56/domain/cgg.265nt.com/web/ThinkPHP/Library/Think/Db/Driver.class.php 第 114 行.
NOTIC: [8] Undefined offset: 0 /home/wwwroot/php56/domain/cgg.265nt.com/web/ThinkPHP/Library/Think/Db/Driver.class.php 第 114 行.
NOTIC: [8] Undefined offset: 0 /home/wwwroot/php56/domain/cgg.265nt.com/web/ThinkPHP/Library/Think/Db/Driver.class.php 第 114 行.

[ 2017-06-12T14:43:54+08:00 ] 218.82.224.203 /index.php?m=Admin&c=Admin&a=login&t=0.8646080918790263
INFO: [ app_init ] --START--
INFO: Run Behavior\BuildLiteBehavior [ RunTime:0.000016s ]
INFO: [ app_init ] --END-- [ RunTime:0.000360s ]
INFO: [ app_begin ] --START--
INFO: Run Behavior\ReadHtmlCacheBehavior [ RunTime:0.000452s ]
INFO: [ app_begin ] --END-- [ RunTime:0.000513s ]
NOTIC: [8] Undefined offset: 0 /home/wwwroot/php56/domain/cgg.265nt.com/web/ThinkPHP/Library/Think/Db/Driver.class.php 第 114 行.
NOTIC: [8] Undefined offset: 0 /home/wwwroot/php56/domain/cgg.265nt.com/web/ThinkPHP/Library/Think/Db/Driver.class.php 第 114 行.
NOTIC: [8] Undefined offset: 0 /home/wwwroot/php56/domain/cgg.265nt.com/web/ThinkPHP/Library/Think/Db/Driver.class.php 第 114 行.
NOTIC: [2] Invalid argument supplied for foreach() /home/wwwroot/php56/domain/cgg.265nt.com/web/Application/Admin/Controller/BaseController.class.php 第 54 行.
NOTIC: [8] Undefined index: login /home/wwwroot/php56/domain/cgg.265nt.com/web/Application/Admin/Common/function.php 第 38 行.

[ 2017-06-12T14:43:56+08:00 ] 218.82.224.203 /index.php?m=Admin&c=Admin&a=vertify&r=32
INFO: [ app_init ] --START--
INFO: Run Behavior\BuildLiteBehavior [ RunTime:0.000025s ]
INFO: [ app_init ] --END-- [ RunTime:0.000319s ]

[ 2017-06-12T14:44:03+08:00 ] 218.82.224.203 /index.php?m=Admin&c=Admin&a=vertify&r=47
INFO: [ app_init ] --START--
INFO: Run Behavior\BuildLiteBehavior [ RunTime:0.000016s ]
INFO: [ app_init ] --END-- [ RunTime:0.000290s ]

[ 2017-06-12T14:44:07+08:00 ] 218.82.224.203 /index.php?m=Admin&c=Admin&a=login&t=0.7158580667347841
INFO: [ app_init ] --START--
INFO: Run Behavior\BuildLiteBehavior [ RunTime:0.000015s ]
INFO: [ app_init ] --END-- [ RunTime:0.000332s ]
INFO: [ app_begin ] --START--
INFO: Run Behavior\ReadHtmlCacheBehavior [ RunTime:0.000443s ]
INFO: [ app_begin ] --END-- [ RunTime:0.000502s ]
NOTIC: [8] Undefined offset: 0 /home/wwwroot/php56/domain/cgg.265nt.com/web/ThinkPHP/Library/Think/Db/Driver.class.php 第 114 行.
NOTIC: [8] Undefined offset: 0 /home/wwwroot/php56/domain/cgg.265nt.com/web/ThinkPHP/Library/Think/Db/Driver.class.php 第 114 行.
NOTIC: [8] Undefined offset: 0 /home/wwwroot/php56/domain/cgg.265nt.com/web/ThinkPHP/Library/Think/Db/Driver.class.php 第 114 行.
NOTIC: [2] Invalid argument supplied for foreach() /home/wwwroot/php56/domain/cgg.265nt.com/web/Application/Admin/Controller/BaseController.class.php 第 54 行.
NOTIC: [8] Undefined index: login /home/wwwroot/php56/domain/cgg.265nt.com/web/Application/Admin/Common/function.php 第 38 行.
NOTIC: [8] Undefined offset: 0 /home/wwwroot/php56/domain/cgg.265nt.com/web/ThinkPHP/Library/Think/Db/Driver.class.php 第 114 行.
NOTIC: [8] Undefined offset: 0 /home/wwwroot/php56/domain/cgg.265nt.com/web/ThinkPHP/Library/Think/Db/Driver.class.php 第 114 行.
NOTIC: [8] Undefined offset: 0 /home/wwwroot/php56/domain/cgg.265nt.com/web/ThinkPHP/Library/Think/Db/Driver.class.php 第 114 行.

[ 2017-06-12T14:46:30+08:00 ] 218.82.224.203 /index.php/admin
INFO: [ app_init ] --START--
INFO: Run Behavior\BuildLiteBehavior [ RunTime:0.000016s ]
INFO: [ app_init ] --END-- [ RunTime:0.000351s ]

[ 2017-06-12T14:46:31+08:00 ] 218.82.224.203 /index.php/Admin/Admin/login
INFO: [ app_init ] --START--
INFO: Run Behavior\BuildLiteBehavior [ RunTime:0.000015s ]
INFO: [ app_init ] --END-- [ RunTime:0.000334s ]

[ 2017-06-12T14:46:32+08:00 ] 218.82.224.203 /index.php/Admin/Admin/vertify
INFO: [ app_init ] --START--
INFO: Run Behavior\BuildLiteBehavior [ RunTime:0.000015s ]
INFO: [ app_init ] --END-- [ RunTime:0.000354s ]

[ 2017-06-12T14:46:37+08:00 ] 218.82.224.203 /index.php?m=Admin&c=Admin&a=vertify&r=83
INFO: [ app_init ] --START--
INFO: Run Behavior\BuildLiteBehavior [ RunTime:0.000018s ]
INFO: [ app_init ] --END-- [ RunTime:0.000348s ]

[ 2017-06-12T14:46:42+08:00 ] 218.82.224.203 /index.php?m=Admin&c=Admin&a=login&t=0.8242373048630482
INFO: [ app_init ] --START--
INFO: Run Behavior\BuildLiteBehavior [ RunTime:0.000018s ]
INFO: [ app_init ] --END-- [ RunTime:0.000387s ]
INFO: [ app_begin ] --START--
INFO: Run Behavior\ReadHtmlCacheBehavior [ RunTime:0.000476s ]
INFO: [ app_begin ] --END-- [ RunTime:0.000559s ]
NOTIC: [8] Undefined offset: 0 /home/wwwroot/php56/domain/cgg.265nt.com/web/ThinkPHP/Library/Think/Db/Driver.class.php 第 114 行.
NOTIC: [8] Undefined offset: 0 /home/wwwroot/php56/domain/cgg.265nt.com/web/ThinkPHP/Library/Think/Db/Driver.class.php 第 114 行.
NOTIC: [8] Undefined offset: 0 /home/wwwroot/php56/domain/cgg.265nt.com/web/ThinkPHP/Library/Think/Db/Driver.class.php 第 114 行.
NOTIC: [2] Invalid argument supplied for foreach() /home/wwwroot/php56/domain/cgg.265nt.com/web/Application/Admin/Controller/BaseController.class.php 第 54 行.
NOTIC: [8] Undefined index: login /home/wwwroot/php56/domain/cgg.265nt.com/web/Application/Admin/Common/function.php 第 38 行.
NOTIC: [8] Undefined offset: 0 /home/wwwroot/php56/domain/cgg.265nt.com/web/ThinkPHP/Library/Think/Db/Driver.class.php 第 114 行.
NOTIC: [8] Undefined offset: 0 /home/wwwroot/php56/domain/cgg.265nt.com/web/ThinkPHP/Library/Think/Db/Driver.class.php 第 114 行.
NOTIC: [8] Undefined offset: 0 /home/wwwroot/php56/domain/cgg.265nt.com/web/ThinkPHP/Library/Think/Db/Driver.class.php 第 114 行.

